[2026-04-08T05:35:24.023+0000] {local_task_job_runner.py:123} INFO - ::group::Pre task execution logs
[2026-04-08T05:35:24.037+0000] {taskinstance.py:2603} INFO - Dependencies all met for dep_context=non-requeueable deps ti=<TaskInstance: 01_basics_bash.date-print manual__2026-04-08T05:35:22.039599+00:00 [queued]>
[2026-04-08T05:35:24.045+0000] {taskinstance.py:2603} INFO - Dependencies all met for dep_context=requeueable deps ti=<TaskInstance: 01_basics_bash.date-print manual__2026-04-08T05:35:22.039599+00:00 [queued]>
[2026-04-08T05:35:24.046+0000] {taskinstance.py:2856} INFO - Starting attempt 1 of 2
[2026-04-08T05:35:24.059+0000] {taskinstance.py:2879} INFO - Executing <Task(BashOperator): date-print> on 2026-04-08 05:35:22.039599+00:00
[2026-04-08T05:35:24.066+0000] {warnings.py:112} WARNING - /home/***/.local/lib/python3.12/site-packages/***/task/task_runner/standard_task_runner.py:70: DeprecationWarning: This process (pid=2007) is multi-threaded, use of fork() may lead to deadlocks in the child.
  pid = os.fork()

[2026-04-08T05:35:24.069+0000] {standard_task_runner.py:72} INFO - Started process 2009 to run task
[2026-04-08T05:35:24.068+0000] {standard_task_runner.py:104} INFO - Running: ['***', 'tasks', 'run', '01_basics_bash', 'date-print', 'manual__2026-04-08T05:35:22.039599+00:00', '--job-id', '9', '--raw', '--subdir', 'DAGS_FOLDER/01_basic_bash.py', '--cfg-path', '/tmp/tmpx5fzwtuy']
[2026-04-08T05:35:24.071+0000] {standard_task_runner.py:105} INFO - Job 9: Subtask date-print
[2026-04-08T05:35:24.124+0000] {task_command.py:467} INFO - Running <TaskInstance: 01_basics_bash.date-print manual__2026-04-08T05:35:22.039599+00:00 [running]> on host d7b7c2988baa
[2026-04-08T05:35:24.209+0000] {taskinstance.py:3122} INFO - Exporting env vars: AIRFLOW_CTX_DAG_OWNER='de_2team_manager' AIRFLOW_CTX_DAG_ID='01_basics_bash' AIRFLOW_CTX_TASK_ID='date-print' AIRFLOW_CTX_EXECUTION_DATE='2026-04-08T05:35:22.039599+00:00' AIRFLOW_CTX_TRY_NUMBER='1' AIRFLOW_CTX_DAG_RUN_ID='manual__2026-04-08T05:35:22.039599+00:00'
[2026-04-08T05:35:24.211+0000] {logging_mixin.py:190} INFO - Task instance is in running state
[2026-04-08T05:35:24.212+0000] {logging_mixin.py:190} INFO -  Previous state of the Task instance: queued
[2026-04-08T05:35:24.213+0000] {logging_mixin.py:190} INFO - Current task name:date-print state:running start_date:2026-04-08 05:35:24.038366+00:00
[2026-04-08T05:35:24.214+0000] {logging_mixin.py:190} INFO - Dag name:01_basics_bash and current dag run status:running
[2026-04-08T05:35:24.214+0000] {taskinstance.py:731} INFO - ::endgroup::
[2026-04-08T05:35:24.215+0000] {subprocess.py:63} INFO - Tmp dir root location: /tmp
[2026-04-08T05:35:24.216+0000] {subprocess.py:75} INFO - Running command: ['/usr/bin/bash', '-c', 'date']
[2026-04-08T05:35:24.226+0000] {subprocess.py:86} INFO - Output:
[2026-04-08T05:35:24.229+0000] {subprocess.py:93} INFO - Wed Apr  8 05:35:24 UTC 2026
[2026-04-08T05:35:24.230+0000] {subprocess.py:97} INFO - Command exited with return code 0
[2026-04-08T05:35:24.256+0000] {taskinstance.py:340} INFO - ::group::Post task execution logs
[2026-04-08T05:35:24.257+0000] {taskinstance.py:352} INFO - Marking task as SUCCESS. dag_id=01_basics_bash, task_id=date-print, run_id=manual__2026-04-08T05:35:22.039599+00:00, execution_date=20260408T053522, start_date=20260408T053524, end_date=20260408T053524
[2026-04-08T05:35:24.267+0000] {logging_mixin.py:190} INFO - Task instance in success state
[2026-04-08T05:35:24.269+0000] {logging_mixin.py:190} INFO -  Previous state of the Task instance: running
[2026-04-08T05:35:24.270+0000] {logging_mixin.py:190} INFO - Dag name:01_basics_bash queued_at:2026-04-08 05:35:22.074362+00:00
[2026-04-08T05:35:24.270+0000] {logging_mixin.py:190} INFO - Task hostname:d7b7c2988baa operator:BashOperator
[2026-04-08T05:35:24.289+0000] {local_task_job_runner.py:261} INFO - Task exited with return code 0
[2026-04-08T05:35:24.314+0000] {taskinstance.py:3891} INFO - 1 downstream tasks scheduled from follow-on schedule check
[2026-04-08T05:35:24.317+0000] {local_task_job_runner.py:240} INFO - ::endgroup::
