[2026-04-08T06:34:34.357+0000] {local_task_job_runner.py:123} INFO - ::group::Pre task execution logs
[2026-04-08T06:34:34.378+0000] {taskinstance.py:2603} INFO - Dependencies all met for dep_context=non-requeueable deps ti=<TaskInstance: 02_basics_python.transform_task_data scheduled__2026-04-07T00:00:00+00:00 [queued]>
[2026-04-08T06:34:34.389+0000] {taskinstance.py:2603} INFO - Dependencies all met for dep_context=requeueable deps ti=<TaskInstance: 02_basics_python.transform_task_data scheduled__2026-04-07T00:00:00+00:00 [queued]>
[2026-04-08T06:34:34.391+0000] {taskinstance.py:2856} INFO - Starting attempt 1 of 2
[2026-04-08T06:34:34.412+0000] {taskinstance.py:2879} INFO - Executing <Task(PythonOperator): transform_task_data> on 2026-04-07 00:00:00+00:00
[2026-04-08T06:34:34.423+0000] {warnings.py:112} WARNING - /home/***/.local/lib/python3.12/site-packages/***/task/task_runner/standard_task_runner.py:70: DeprecationWarning: This process (pid=2814) is multi-threaded, use of fork() may lead to deadlocks in the child.
  pid = os.fork()

[2026-04-08T06:34:34.427+0000] {standard_task_runner.py:72} INFO - Started process 2816 to run task
[2026-04-08T06:34:34.426+0000] {standard_task_runner.py:104} INFO - Running: ['***', 'tasks', 'run', '02_basics_python', 'transform_task_data', 'scheduled__2026-04-07T00:00:00+00:00', '--job-id', '15', '--raw', '--subdir', 'DAGS_FOLDER/02_basics_python.py', '--cfg-path', '/tmp/tmpbem95zvv']
[2026-04-08T06:34:34.429+0000] {standard_task_runner.py:105} INFO - Job 15: Subtask transform_task_data
[2026-04-08T06:34:34.513+0000] {task_command.py:467} INFO - Running <TaskInstance: 02_basics_python.transform_task_data scheduled__2026-04-07T00:00:00+00:00 [running]> on host d7b7c2988baa
[2026-04-08T06:34:34.630+0000] {taskinstance.py:3122} INFO - Exporting env vars: AIRFLOW_CTX_DAG_OWNER='de_2team_manager' AIRFLOW_CTX_DAG_ID='02_basics_python' AIRFLOW_CTX_TASK_ID='transform_task_data' AIRFLOW_CTX_EXECUTION_DATE='2026-04-07T00:00:00+00:00' AIRFLOW_CTX_TRY_NUMBER='1' AIRFLOW_CTX_DAG_RUN_ID='scheduled__2026-04-07T00:00:00+00:00'
[2026-04-08T06:34:34.633+0000] {logging_mixin.py:190} INFO - Task instance is in running state
[2026-04-08T06:34:34.634+0000] {logging_mixin.py:190} INFO -  Previous state of the Task instance: queued
[2026-04-08T06:34:34.635+0000] {logging_mixin.py:190} INFO - Current task name:transform_task_data state:running start_date:2026-04-08 06:34:34.379884+00:00
[2026-04-08T06:34:34.636+0000] {logging_mixin.py:190} INFO - Dag name:02_basics_python and current dag run status:running
[2026-04-08T06:34:34.637+0000] {taskinstance.py:731} INFO - ::endgroup::
[2026-04-08T06:34:34.638+0000] {python.py:240} INFO - Done. Returned value was: None
[2026-04-08T06:34:34.650+0000] {taskinstance.py:340} INFO - ::group::Post task execution logs
[2026-04-08T06:34:34.651+0000] {taskinstance.py:352} INFO - Marking task as SUCCESS. dag_id=02_basics_python, task_id=transform_task_data, run_id=scheduled__2026-04-07T00:00:00+00:00, execution_date=20260407T000000, start_date=20260408T063434, end_date=20260408T063434
[2026-04-08T06:34:34.663+0000] {logging_mixin.py:190} INFO - Task instance in success state
[2026-04-08T06:34:34.664+0000] {logging_mixin.py:190} INFO -  Previous state of the Task instance: running
[2026-04-08T06:34:34.665+0000] {logging_mixin.py:190} INFO - Dag name:02_basics_python queued_at:2026-04-08 06:34:30.037593+00:00
[2026-04-08T06:34:34.666+0000] {logging_mixin.py:190} INFO - Task hostname:d7b7c2988baa operator:PythonOperator
[2026-04-08T06:34:34.688+0000] {local_task_job_runner.py:261} INFO - Task exited with return code 0
[2026-04-08T06:34:34.706+0000] {taskinstance.py:3891} INFO - 0 downstream tasks scheduled from follow-on schedule check
[2026-04-08T06:34:34.710+0000] {local_task_job_runner.py:240} INFO - ::endgroup::
