[2026-04-08T06:34:31.898+0000] {local_task_job_runner.py:123} INFO - ::group::Pre task execution logs
[2026-04-08T06:34:31.920+0000] {taskinstance.py:2603} INFO - Dependencies all met for dep_context=non-requeueable deps ti=<TaskInstance: 02_basics_python.extract_task_data scheduled__2026-04-07T00:00:00+00:00 [queued]>
[2026-04-08T06:34:31.930+0000] {taskinstance.py:2603} INFO - Dependencies all met for dep_context=requeueable deps ti=<TaskInstance: 02_basics_python.extract_task_data scheduled__2026-04-07T00:00:00+00:00 [queued]>
[2026-04-08T06:34:31.932+0000] {taskinstance.py:2856} INFO - Starting attempt 1 of 2
[2026-04-08T06:34:31.949+0000] {taskinstance.py:2879} INFO - Executing <Task(PythonOperator): extract_task_data> on 2026-04-07 00:00:00+00:00
[2026-04-08T06:34:31.959+0000] {warnings.py:112} WARNING - /home/***/.local/lib/python3.12/site-packages/***/task/task_runner/standard_task_runner.py:70: DeprecationWarning: This process (pid=2810) is multi-threaded, use of fork() may lead to deadlocks in the child.
  pid = os.fork()

[2026-04-08T06:34:31.961+0000] {standard_task_runner.py:104} INFO - Running: ['***', 'tasks', 'run', '02_basics_python', 'extract_task_data', 'scheduled__2026-04-07T00:00:00+00:00', '--job-id', '14', '--raw', '--subdir', 'DAGS_FOLDER/02_basics_python.py', '--cfg-path', '/tmp/tmpko1uq248']
[2026-04-08T06:34:31.962+0000] {standard_task_runner.py:72} INFO - Started process 2812 to run task
[2026-04-08T06:34:31.963+0000] {standard_task_runner.py:105} INFO - Job 14: Subtask extract_task_data
[2026-04-08T06:34:32.038+0000] {task_command.py:467} INFO - Running <TaskInstance: 02_basics_python.extract_task_data scheduled__2026-04-07T00:00:00+00:00 [running]> on host d7b7c2988baa
[2026-04-08T06:34:32.166+0000] {taskinstance.py:3122} INFO - Exporting env vars: AIRFLOW_CTX_DAG_OWNER='de_2team_manager' AIRFLOW_CTX_DAG_ID='02_basics_python' AIRFLOW_CTX_TASK_ID='extract_task_data' AIRFLOW_CTX_EXECUTION_DATE='2026-04-07T00:00:00+00:00' AIRFLOW_CTX_TRY_NUMBER='1' AIRFLOW_CTX_DAG_RUN_ID='scheduled__2026-04-07T00:00:00+00:00'
[2026-04-08T06:34:32.169+0000] {logging_mixin.py:190} INFO - Task instance is in running state
[2026-04-08T06:34:32.170+0000] {logging_mixin.py:190} INFO -  Previous state of the Task instance: queued
[2026-04-08T06:34:32.171+0000] {logging_mixin.py:190} INFO - Current task name:extract_task_data state:running start_date:2026-04-08 06:34:31.921387+00:00
[2026-04-08T06:34:32.172+0000] {logging_mixin.py:190} INFO - Dag name:02_basics_python and current dag run status:running
[2026-04-08T06:34:32.172+0000] {taskinstance.py:731} INFO - ::endgroup::
[2026-04-08T06:34:32.174+0000] {python.py:240} INFO - Done. Returned value was: None
[2026-04-08T06:34:32.193+0000] {taskinstance.py:340} INFO - ::group::Post task execution logs
[2026-04-08T06:34:32.195+0000] {taskinstance.py:352} INFO - Marking task as SUCCESS. dag_id=02_basics_python, task_id=extract_task_data, run_id=scheduled__2026-04-07T00:00:00+00:00, execution_date=20260407T000000, start_date=20260408T063431, end_date=20260408T063432
[2026-04-08T06:34:32.217+0000] {logging_mixin.py:190} INFO - Task instance in success state
[2026-04-08T06:34:32.218+0000] {logging_mixin.py:190} INFO -  Previous state of the Task instance: running
[2026-04-08T06:34:32.219+0000] {logging_mixin.py:190} INFO - Dag name:02_basics_python queued_at:2026-04-08 06:34:30.037593+00:00
[2026-04-08T06:34:32.219+0000] {logging_mixin.py:190} INFO - Task hostname:d7b7c2988baa operator:PythonOperator
[2026-04-08T06:34:32.264+0000] {local_task_job_runner.py:261} INFO - Task exited with return code 0
[2026-04-08T06:34:32.288+0000] {taskinstance.py:3891} INFO - 1 downstream tasks scheduled from follow-on schedule check
[2026-04-08T06:34:32.293+0000] {local_task_job_runner.py:240} INFO - ::endgroup::
