[2026-04-08T05:31:49.587+0000] {local_task_job_runner.py:123} INFO - ::group::Pre task execution logs
[2026-04-08T05:31:49.602+0000] {taskinstance.py:2603} INFO - Dependencies all met for dep_context=non-requeueable deps ti=<TaskInstance: 01_basics_bash.sleep manual__2026-04-08T05:31:42.430903+00:00 [queued]>
[2026-04-08T05:31:49.611+0000] {taskinstance.py:2603} INFO - Dependencies all met for dep_context=requeueable deps ti=<TaskInstance: 01_basics_bash.sleep manual__2026-04-08T05:31:42.430903+00:00 [queued]>
[2026-04-08T05:31:49.612+0000] {taskinstance.py:2856} INFO - Starting attempt 1 of 2
[2026-04-08T05:31:49.626+0000] {taskinstance.py:2879} INFO - Executing <Task(BashOperator): sleep> on 2026-04-08 05:31:42.430903+00:00
[2026-04-08T05:31:49.633+0000] {warnings.py:112} WARNING - /home/***/.local/lib/python3.12/site-packages/***/task/task_runner/standard_task_runner.py:70: DeprecationWarning: This process (pid=1937) is multi-threaded, use of fork() may lead to deadlocks in the child.
  pid = os.fork()

[2026-04-08T05:31:49.636+0000] {standard_task_runner.py:72} INFO - Started process 1941 to run task
[2026-04-08T05:31:49.636+0000] {standard_task_runner.py:104} INFO - Running: ['***', 'tasks', 'run', '01_basics_bash', 'sleep', 'manual__2026-04-08T05:31:42.430903+00:00', '--job-id', '5', '--raw', '--subdir', 'DAGS_FOLDER/01_basic_bash.py', '--cfg-path', '/tmp/tmpde_2tszk']
[2026-04-08T05:31:49.638+0000] {standard_task_runner.py:105} INFO - Job 5: Subtask sleep
[2026-04-08T05:31:49.695+0000] {task_command.py:467} INFO - Running <TaskInstance: 01_basics_bash.sleep manual__2026-04-08T05:31:42.430903+00:00 [running]> on host d7b7c2988baa
[2026-04-08T05:31:49.773+0000] {taskinstance.py:3122} INFO - Exporting env vars: AIRFLOW_CTX_DAG_OWNER='de_2team_manager' AIRFLOW_CTX_DAG_ID='01_basics_bash' AIRFLOW_CTX_TASK_ID='sleep' AIRFLOW_CTX_EXECUTION_DATE='2026-04-08T05:31:42.430903+00:00' AIRFLOW_CTX_TRY_NUMBER='1' AIRFLOW_CTX_DAG_RUN_ID='manual__2026-04-08T05:31:42.430903+00:00'
[2026-04-08T05:31:49.774+0000] {logging_mixin.py:190} INFO - Task instance is in running state
[2026-04-08T05:31:49.775+0000] {logging_mixin.py:190} INFO -  Previous state of the Task instance: queued
[2026-04-08T05:31:49.776+0000] {logging_mixin.py:190} INFO - Current task name:sleep state:running start_date:2026-04-08 05:31:49.603646+00:00
[2026-04-08T05:31:49.776+0000] {logging_mixin.py:190} INFO - Dag name:01_basics_bash and current dag run status:running
[2026-04-08T05:31:49.777+0000] {taskinstance.py:731} INFO - ::endgroup::
[2026-04-08T05:31:49.778+0000] {subprocess.py:63} INFO - Tmp dir root location: /tmp
[2026-04-08T05:31:49.779+0000] {subprocess.py:75} INFO - Running command: ['/usr/bin/bash', '-c', 'sleep 5']
[2026-04-08T05:31:49.790+0000] {subprocess.py:86} INFO - Output:
[2026-04-08T05:31:54.795+0000] {subprocess.py:97} INFO - Command exited with return code 0
[2026-04-08T05:31:54.839+0000] {taskinstance.py:340} INFO - ::group::Post task execution logs
[2026-04-08T05:31:54.840+0000] {taskinstance.py:352} INFO - Marking task as SUCCESS. dag_id=01_basics_bash, task_id=sleep, run_id=manual__2026-04-08T05:31:42.430903+00:00, execution_date=20260408T053142, start_date=20260408T053149, end_date=20260408T053154
[2026-04-08T05:31:54.853+0000] {logging_mixin.py:190} INFO - Task instance in success state
[2026-04-08T05:31:54.854+0000] {logging_mixin.py:190} INFO -  Previous state of the Task instance: running
[2026-04-08T05:31:54.856+0000] {logging_mixin.py:190} INFO - Dag name:01_basics_bash queued_at:2026-04-08 05:31:42.467430+00:00
[2026-04-08T05:31:54.856+0000] {logging_mixin.py:190} INFO - Task hostname:d7b7c2988baa operator:BashOperator
[2026-04-08T05:31:54.896+0000] {local_task_job_runner.py:261} INFO - Task exited with return code 0
[2026-04-08T05:31:54.915+0000] {taskinstance.py:3891} INFO - 1 downstream tasks scheduled from follow-on schedule check
[2026-04-08T05:31:54.920+0000] {local_task_job_runner.py:240} INFO - ::endgroup::
