[2026-04-09T00:17:54.836+0000] {local_task_job_runner.py:123} INFO - ::group::Pre task execution logs
[2026-04-09T00:17:54.853+0000] {taskinstance.py:2603} INFO - Dependencies all met for dep_context=non-requeueable deps ti=<TaskInstance: 01_basics_bash.sleep scheduled__2026-04-08T00:00:00+00:00 [queued]>
[2026-04-09T00:17:54.863+0000] {taskinstance.py:2603} INFO - Dependencies all met for dep_context=requeueable deps ti=<TaskInstance: 01_basics_bash.sleep scheduled__2026-04-08T00:00:00+00:00 [queued]>
[2026-04-09T00:17:54.911+0000] {taskinstance.py:2856} INFO - Starting attempt 1 of 2
[2026-04-09T00:17:54.928+0000] {taskinstance.py:2879} INFO - Executing <Task(BashOperator): sleep> on 2026-04-08 00:00:00+00:00
[2026-04-09T00:17:54.936+0000] {warnings.py:112} WARNING - /home/***/.local/lib/python3.12/site-packages/***/task/task_runner/standard_task_runner.py:70: DeprecationWarning: This process (pid=108) is multi-threaded, use of fork() may lead to deadlocks in the child.
  pid = os.fork()

[2026-04-09T00:17:54.939+0000] {standard_task_runner.py:104} INFO - Running: ['***', 'tasks', 'run', '01_basics_bash', 'sleep', 'scheduled__2026-04-08T00:00:00+00:00', '--job-id', '21', '--raw', '--subdir', 'DAGS_FOLDER/01_basics_bash.py', '--cfg-path', '/tmp/tmp7gnhwuby']
[2026-04-09T00:17:54.947+0000] {standard_task_runner.py:72} INFO - Started process 110 to run task
[2026-04-09T00:17:54.947+0000] {standard_task_runner.py:105} INFO - Job 21: Subtask sleep
[2026-04-09T00:17:55.023+0000] {task_command.py:467} INFO - Running <TaskInstance: 01_basics_bash.sleep scheduled__2026-04-08T00:00:00+00:00 [running]> on host d7b7c2988baa
[2026-04-09T00:17:55.120+0000] {taskinstance.py:3122} INFO - Exporting env vars: AIRFLOW_CTX_DAG_OWNER='de_2team_manager' AIRFLOW_CTX_DAG_ID='01_basics_bash' AIRFLOW_CTX_TASK_ID='sleep' AIRFLOW_CTX_EXECUTION_DATE='2026-04-08T00:00:00+00:00' AIRFLOW_CTX_TRY_NUMBER='1' AIRFLOW_CTX_DAG_RUN_ID='scheduled__2026-04-08T00:00:00+00:00'
[2026-04-09T00:17:55.122+0000] {logging_mixin.py:190} INFO - Task instance is in running state
[2026-04-09T00:17:55.123+0000] {logging_mixin.py:190} INFO -  Previous state of the Task instance: queued
[2026-04-09T00:17:55.124+0000] {logging_mixin.py:190} INFO - Current task name:sleep state:running start_date:2026-04-09 00:17:54.854904+00:00
[2026-04-09T00:17:55.125+0000] {logging_mixin.py:190} INFO - Dag name:01_basics_bash and current dag run status:running
[2026-04-09T00:17:55.126+0000] {taskinstance.py:731} INFO - ::endgroup::
[2026-04-09T00:17:55.128+0000] {subprocess.py:63} INFO - Tmp dir root location: /tmp
[2026-04-09T00:17:55.130+0000] {subprocess.py:75} INFO - Running command: ['/usr/bin/bash', '-c', 'sleep 5']
[2026-04-09T00:17:55.149+0000] {subprocess.py:86} INFO - Output:
[2026-04-09T00:17:58.480+0000] {subprocess.py:97} INFO - Command exited with return code 0
[2026-04-09T00:17:58.543+0000] {taskinstance.py:340} INFO - ::group::Post task execution logs
[2026-04-09T00:17:58.544+0000] {taskinstance.py:352} INFO - Marking task as SUCCESS. dag_id=01_basics_bash, task_id=sleep, run_id=scheduled__2026-04-08T00:00:00+00:00, execution_date=20260408T000000, start_date=20260409T001754, end_date=20260409T001758
[2026-04-09T00:17:58.559+0000] {logging_mixin.py:190} INFO - Task instance in success state
[2026-04-09T00:17:58.560+0000] {logging_mixin.py:190} INFO -  Previous state of the Task instance: running
[2026-04-09T00:17:58.561+0000] {logging_mixin.py:190} INFO - Dag name:01_basics_bash queued_at:2026-04-09 00:17:48.423275+00:00
[2026-04-09T00:17:58.562+0000] {logging_mixin.py:190} INFO - Task hostname:d7b7c2988baa operator:BashOperator
[2026-04-09T00:17:59.734+0000] {local_task_job_runner.py:261} INFO - Task exited with return code 0
[2026-04-09T00:17:59.750+0000] {taskinstance.py:3891} INFO - 0 downstream tasks scheduled from follow-on schedule check
[2026-04-09T00:17:59.755+0000] {local_task_job_runner.py:240} INFO - ::endgroup::
