[2026-04-09T00:18:00.390+0000] {local_task_job_runner.py:123} INFO - ::group::Pre task execution logs
[2026-04-09T00:18:00.406+0000] {taskinstance.py:2603} INFO - Dependencies all met for dep_context=non-requeueable deps ti=<TaskInstance: 01_basics_bash.echo-print scheduled__2026-04-08T00:00:00+00:00 [queued]>
[2026-04-09T00:18:00.414+0000] {taskinstance.py:2603} INFO - Dependencies all met for dep_context=requeueable deps ti=<TaskInstance: 01_basics_bash.echo-print scheduled__2026-04-08T00:00:00+00:00 [queued]>
[2026-04-09T00:18:00.415+0000] {taskinstance.py:2856} INFO - Starting attempt 1 of 2
[2026-04-09T00:18:00.428+0000] {taskinstance.py:2879} INFO - Executing <Task(BashOperator): echo-print> on 2026-04-08 00:00:00+00:00
[2026-04-09T00:18:00.435+0000] {warnings.py:112} WARNING - /home/***/.local/lib/python3.12/site-packages/***/task/task_runner/standard_task_runner.py:70: DeprecationWarning: This process (pid=113) is multi-threaded, use of fork() may lead to deadlocks in the child.
  pid = os.fork()

[2026-04-09T00:18:00.437+0000] {standard_task_runner.py:72} INFO - Started process 115 to run task
[2026-04-09T00:18:00.437+0000] {standard_task_runner.py:104} INFO - Running: ['***', 'tasks', 'run', '01_basics_bash', 'echo-print', 'scheduled__2026-04-08T00:00:00+00:00', '--job-id', '22', '--raw', '--subdir', 'DAGS_FOLDER/01_basics_bash.py', '--cfg-path', '/tmp/tmponc4ajwd']
[2026-04-09T00:18:00.439+0000] {standard_task_runner.py:105} INFO - Job 22: Subtask echo-print
[2026-04-09T00:18:00.491+0000] {task_command.py:467} INFO - Running <TaskInstance: 01_basics_bash.echo-print scheduled__2026-04-08T00:00:00+00:00 [running]> on host d7b7c2988baa
[2026-04-09T00:18:00.576+0000] {taskinstance.py:3122} INFO - Exporting env vars: AIRFLOW_CTX_DAG_OWNER='de_2team_manager' AIRFLOW_CTX_DAG_ID='01_basics_bash' AIRFLOW_CTX_TASK_ID='echo-print' AIRFLOW_CTX_EXECUTION_DATE='2026-04-08T00:00:00+00:00' AIRFLOW_CTX_TRY_NUMBER='1' AIRFLOW_CTX_DAG_RUN_ID='scheduled__2026-04-08T00:00:00+00:00'
[2026-04-09T00:18:00.578+0000] {logging_mixin.py:190} INFO - Task instance is in running state
[2026-04-09T00:18:00.579+0000] {logging_mixin.py:190} INFO -  Previous state of the Task instance: queued
[2026-04-09T00:18:00.580+0000] {logging_mixin.py:190} INFO - Current task name:echo-print state:running start_date:2026-04-09 00:18:00.407417+00:00
[2026-04-09T00:18:00.580+0000] {logging_mixin.py:190} INFO - Dag name:01_basics_bash and current dag run status:running
[2026-04-09T00:18:00.581+0000] {taskinstance.py:731} INFO - ::endgroup::
[2026-04-09T00:18:00.582+0000] {subprocess.py:63} INFO - Tmp dir root location: /tmp
[2026-04-09T00:18:00.584+0000] {subprocess.py:75} INFO - Running command: ['/usr/bin/bash', '-c', 'echo "hello *** task"']
[2026-04-09T00:18:00.594+0000] {subprocess.py:86} INFO - Output:
[2026-04-09T00:18:00.595+0000] {subprocess.py:93} INFO - hello *** task
[2026-04-09T00:18:00.596+0000] {subprocess.py:97} INFO - Command exited with return code 0
[2026-04-09T00:18:00.624+0000] {taskinstance.py:340} INFO - ::group::Post task execution logs
[2026-04-09T00:18:00.625+0000] {taskinstance.py:352} INFO - Marking task as SUCCESS. dag_id=01_basics_bash, task_id=echo-print, run_id=scheduled__2026-04-08T00:00:00+00:00, execution_date=20260408T000000, start_date=20260409T001800, end_date=20260409T001800
[2026-04-09T00:18:00.636+0000] {logging_mixin.py:190} INFO - Task instance in success state
[2026-04-09T00:18:00.637+0000] {logging_mixin.py:190} INFO -  Previous state of the Task instance: running
[2026-04-09T00:18:00.638+0000] {logging_mixin.py:190} INFO - Dag name:01_basics_bash queued_at:2026-04-09 00:17:48.423275+00:00
[2026-04-09T00:18:00.639+0000] {logging_mixin.py:190} INFO - Task hostname:d7b7c2988baa operator:BashOperator
[2026-04-09T00:18:00.668+0000] {local_task_job_runner.py:261} INFO - Task exited with return code 0
[2026-04-09T00:18:00.690+0000] {taskinstance.py:3891} INFO - 0 downstream tasks scheduled from follow-on schedule check
[2026-04-09T00:18:00.695+0000] {local_task_job_runner.py:240} INFO - ::endgroup::
