[2026-04-08T06:29:19.914+0000] {local_task_job_runner.py:123} INFO - ::group::Pre task execution logs
[2026-04-08T06:29:19.937+0000] {taskinstance.py:2603} INFO - Dependencies all met for dep_context=non-requeueable deps ti=<TaskInstance: 02_basics_python.transform_task_data manual__2026-04-08T06:29:14.035003+00:00 [queued]>
[2026-04-08T06:29:19.947+0000] {taskinstance.py:2603} INFO - Dependencies all met for dep_context=requeueable deps ti=<TaskInstance: 02_basics_python.transform_task_data manual__2026-04-08T06:29:14.035003+00:00 [queued]>
[2026-04-08T06:29:19.948+0000] {taskinstance.py:2856} INFO - Starting attempt 1 of 1
[2026-04-08T06:29:19.966+0000] {taskinstance.py:2879} INFO - Executing <Task(PythonOperator): transform_task_data> on 2026-04-08 06:29:14.035003+00:00
[2026-04-08T06:29:19.977+0000] {warnings.py:112} WARNING - /home/***/.local/lib/python3.12/site-packages/***/task/task_runner/standard_task_runner.py:70: DeprecationWarning: This process (pid=2736) is multi-threaded, use of fork() may lead to deadlocks in the child.
  pid = os.fork()

[2026-04-08T06:29:19.980+0000] {standard_task_runner.py:72} INFO - Started process 2745 to run task
[2026-04-08T06:29:19.980+0000] {standard_task_runner.py:104} INFO - Running: ['***', 'tasks', 'run', '02_basics_python', 'transform_task_data', 'manual__2026-04-08T06:29:14.035003+00:00', '--job-id', '13', '--raw', '--subdir', 'DAGS_FOLDER/02_basics_python.py', '--cfg-path', '/tmp/tmppg07ws0v']
[2026-04-08T06:29:19.982+0000] {standard_task_runner.py:105} INFO - Job 13: Subtask transform_task_data
[2026-04-08T06:29:20.059+0000] {task_command.py:467} INFO - Running <TaskInstance: 02_basics_python.transform_task_data manual__2026-04-08T06:29:14.035003+00:00 [running]> on host d7b7c2988baa
[2026-04-08T06:29:20.165+0000] {taskinstance.py:3122} INFO - Exporting env vars: AIRFLOW_CTX_DAG_OWNER='***' AIRFLOW_CTX_DAG_ID='02_basics_python' AIRFLOW_CTX_TASK_ID='transform_task_data' AIRFLOW_CTX_EXECUTION_DATE='2026-04-08T06:29:14.035003+00:00' AIRFLOW_CTX_TRY_NUMBER='1' AIRFLOW_CTX_DAG_RUN_ID='manual__2026-04-08T06:29:14.035003+00:00'
[2026-04-08T06:29:20.168+0000] {logging_mixin.py:190} INFO - Task instance is in running state
[2026-04-08T06:29:20.169+0000] {logging_mixin.py:190} INFO -  Previous state of the Task instance: queued
[2026-04-08T06:29:20.170+0000] {logging_mixin.py:190} INFO - Current task name:transform_task_data state:running start_date:2026-04-08 06:29:19.938167+00:00
[2026-04-08T06:29:20.171+0000] {logging_mixin.py:190} INFO - Dag name:02_basics_python and current dag run status:running
[2026-04-08T06:29:20.172+0000] {taskinstance.py:731} INFO - ::endgroup::
[2026-04-08T06:29:20.174+0000] {python.py:240} INFO - Done. Returned value was: None
[2026-04-08T06:29:20.187+0000] {taskinstance.py:340} INFO - ::group::Post task execution logs
[2026-04-08T06:29:20.189+0000] {taskinstance.py:352} INFO - Marking task as SUCCESS. dag_id=02_basics_python, task_id=transform_task_data, run_id=manual__2026-04-08T06:29:14.035003+00:00, execution_date=20260408T062914, start_date=20260408T062919, end_date=20260408T062920
[2026-04-08T06:29:20.204+0000] {logging_mixin.py:190} INFO - Task instance in success state
[2026-04-08T06:29:20.205+0000] {logging_mixin.py:190} INFO -  Previous state of the Task instance: running
[2026-04-08T06:29:20.207+0000] {logging_mixin.py:190} INFO - Dag name:02_basics_python queued_at:2026-04-08 06:29:14.064320+00:00
[2026-04-08T06:29:20.208+0000] {logging_mixin.py:190} INFO - Task hostname:d7b7c2988baa operator:PythonOperator
[2026-04-08T06:29:20.246+0000] {local_task_job_runner.py:261} INFO - Task exited with return code 0
[2026-04-08T06:29:20.267+0000] {taskinstance.py:3891} INFO - 0 downstream tasks scheduled from follow-on schedule check
[2026-04-08T06:29:20.272+0000] {local_task_job_runner.py:240} INFO - ::endgroup::
