[2026-04-08T06:58:17.689+0000] {local_task_job_runner.py:123} INFO - ::group::Pre task execution logs
[2026-04-08T06:58:17.709+0000] {taskinstance.py:2603} INFO - Dependencies all met for dep_context=non-requeueable deps ti=<TaskInstance: 02_basics_python.transform_task_data manual__2026-04-08T06:58:11.882837+00:00 [queued]>
[2026-04-08T06:58:17.719+0000] {taskinstance.py:2603} INFO - Dependencies all met for dep_context=requeueable deps ti=<TaskInstance: 02_basics_python.transform_task_data manual__2026-04-08T06:58:11.882837+00:00 [queued]>
[2026-04-08T06:58:17.721+0000] {taskinstance.py:2856} INFO - Starting attempt 1 of 2
[2026-04-08T06:58:17.739+0000] {taskinstance.py:2879} INFO - Executing <Task(PythonOperator): transform_task_data> on 2026-04-08 06:58:11.882837+00:00
[2026-04-08T06:58:17.750+0000] {warnings.py:112} WARNING - /home/***/.local/lib/python3.12/site-packages/***/task/task_runner/standard_task_runner.py:70: DeprecationWarning: This process (pid=3131) is multi-threaded, use of fork() may lead to deadlocks in the child.
  pid = os.fork()

[2026-04-08T06:58:17.752+0000] {standard_task_runner.py:104} INFO - Running: ['***', 'tasks', 'run', '02_basics_python', 'transform_task_data', 'manual__2026-04-08T06:58:11.882837+00:00', '--job-id', '17', '--raw', '--subdir', 'DAGS_FOLDER/02_basics_python.py', '--cfg-path', '/tmp/tmpwepzj17l']
[2026-04-08T06:58:17.754+0000] {standard_task_runner.py:72} INFO - Started process 3133 to run task
[2026-04-08T06:58:17.755+0000] {standard_task_runner.py:105} INFO - Job 17: Subtask transform_task_data
[2026-04-08T06:58:17.835+0000] {task_command.py:467} INFO - Running <TaskInstance: 02_basics_python.transform_task_data manual__2026-04-08T06:58:11.882837+00:00 [running]> on host d7b7c2988baa
[2026-04-08T06:58:17.951+0000] {taskinstance.py:3122} INFO - Exporting env vars: AIRFLOW_CTX_DAG_OWNER='de_2team_manager' AIRFLOW_CTX_DAG_ID='02_basics_python' AIRFLOW_CTX_TASK_ID='transform_task_data' AIRFLOW_CTX_EXECUTION_DATE='2026-04-08T06:58:11.882837+00:00' AIRFLOW_CTX_TRY_NUMBER='1' AIRFLOW_CTX_DAG_RUN_ID='manual__2026-04-08T06:58:11.882837+00:00'
[2026-04-08T06:58:17.955+0000] {logging_mixin.py:190} INFO - Task instance is in running state
[2026-04-08T06:58:17.958+0000] {logging_mixin.py:190} INFO -  Previous state of the Task instance: queued
[2026-04-08T06:58:17.960+0000] {logging_mixin.py:190} INFO - Current task name:transform_task_data state:running start_date:2026-04-08 06:58:17.710702+00:00
[2026-04-08T06:58:17.963+0000] {logging_mixin.py:190} INFO - Dag name:02_basics_python and current dag run status:running
[2026-04-08T06:58:17.964+0000] {taskinstance.py:731} INFO - ::endgroup::
[2026-04-08T06:58:17.982+0000] {02_basics_python.py:67} INFO - == Transform 작업 start ==
[2026-04-08T06:58:17.985+0000] {02_basics_python.py:68} INFO - 결과 Data Extract 성공
[2026-04-08T06:58:17.989+0000] {02_basics_python.py:69} INFO - == Transform 작업 end ==
[2026-04-08T06:58:17.993+0000] {python.py:240} INFO - Done. Returned value was: None
[2026-04-08T06:58:18.014+0000] {taskinstance.py:340} INFO - ::group::Post task execution logs
[2026-04-08T06:58:18.015+0000] {taskinstance.py:352} INFO - Marking task as SUCCESS. dag_id=02_basics_python, task_id=transform_task_data, run_id=manual__2026-04-08T06:58:11.882837+00:00, execution_date=20260408T065811, start_date=20260408T065817, end_date=20260408T065818
[2026-04-08T06:58:18.040+0000] {logging_mixin.py:190} INFO - Task instance in success state
[2026-04-08T06:58:18.042+0000] {logging_mixin.py:190} INFO -  Previous state of the Task instance: running
[2026-04-08T06:58:18.043+0000] {logging_mixin.py:190} INFO - Dag name:02_basics_python queued_at:2026-04-08 06:58:11.908914+00:00
[2026-04-08T06:58:18.045+0000] {logging_mixin.py:190} INFO - Task hostname:d7b7c2988baa operator:PythonOperator
[2026-04-08T06:58:18.095+0000] {local_task_job_runner.py:261} INFO - Task exited with return code 0
[2026-04-08T06:58:18.132+0000] {taskinstance.py:3891} INFO - 0 downstream tasks scheduled from follow-on schedule check
[2026-04-08T06:58:18.139+0000] {local_task_job_runner.py:240} INFO - ::endgroup::
